[debug] [2025-09-22T21:14:18.132Z] ----------------------------------------------------------------------
[debug] [2025-09-22T21:14:18.136Z] Command:       C:\Program Files\nodejs\node.exe C:\Users\shueb\AppData\Roaming\npm\node_modules\firebase-tools\lib\bin\firebase.js deploy
[debug] [2025-09-22T21:14:18.136Z] CLI Version:   14.17.0
[debug] [2025-09-22T21:14:18.136Z] Platform:      win32
[debug] [2025-09-22T21:14:18.136Z] Node Version:  v22.18.0
[debug] [2025-09-22T21:14:18.137Z] Time:          Tue Sep 23 2025 02:44:18 GMT+0530 (India Standard Time)
[debug] [2025-09-22T21:14:18.137Z] ----------------------------------------------------------------------
[debug] 
[debug] [2025-09-22T21:14:18.411Z] > command requires scopes: ["email","openid","https://www.googleapis.com/auth/cloudplatformprojects.readonly","https://www.googleapis.com/auth/firebase","https://www.googleapis.com/auth/cloud-platform"]
[debug] [2025-09-22T21:14:18.412Z] > authorizing via signed-in user (shuaybchaudhary@gmail.com)
[debug] [2025-09-22T21:14:18.412Z] [iam] checking project studio-496219922-fef08 for permissions ["cloudconfig.configs.get","cloudconfig.configs.update","firebase.projects.get","firebasehosting.sites.update"]
[debug] [2025-09-22T21:14:18.413Z] Checked if tokens are valid: true, expires at: 1758578507537
[debug] [2025-09-22T21:14:18.414Z] Checked if tokens are valid: true, expires at: 1758578507537
[debug] [2025-09-22T21:14:18.415Z] >>> [apiv2][query] POST https://cloudresourcemanager.googleapis.com/v1/projects/studio-496219922-fef08:testIamPermissions [none]
[debug] [2025-09-22T21:14:18.415Z] >>> [apiv2][(partial)header] POST https://cloudresourcemanager.googleapis.com/v1/projects/studio-496219922-fef08:testIamPermissions x-goog-quota-user=projects/studio-496219922-fef08
[debug] [2025-09-22T21:14:18.415Z] >>> [apiv2][body] POST https://cloudresourcemanager.googleapis.com/v1/projects/studio-496219922-fef08:testIamPermissions {"permissions":["cloudconfig.configs.get","cloudconfig.configs.update","firebase.projects.get","firebasehosting.sites.update"]}
[debug] [2025-09-22T21:14:18.470Z] *** [apiv2] error from fetch(https://cloudresourcemanager.googleapis.com/v1/projects/studio-496219922-fef08:testIamPermissions, {"headers":{},"method":"POST","body":"{\"permissions\":[\"cloudconfig.configs.get\",\"cloudconfig.configs.update\",\"firebase.projects.get\",\"firebasehosting.sites.update\"]}"}): FetchError: request to https://cloudresourcemanager.googleapis.com/v1/projects/studio-496219922-fef08:testIamPermissions failed, reason: getaddrinfo ENOTFOUND cloudresourcemanager.googleapis.com
[debug] [2025-09-22T21:14:18.470Z] [iam] error while checking permissions, command may fail: Failed to make request to https://cloudresourcemanager.googleapis.com/v1/projects/studio-496219922-fef08:testIamPermissions
[debug] [2025-09-22T21:14:18.471Z] Checked if tokens are valid: true, expires at: 1758578507537
[debug] [2025-09-22T21:14:18.471Z] Checked if tokens are valid: true, expires at: 1758578507537
[debug] [2025-09-22T21:14:18.472Z] >>> [apiv2][query] GET https://firebase.googleapis.com/v1beta1/projects/studio-496219922-fef08 [none]
[debug] [2025-09-22T21:14:18.483Z] *** [apiv2] error from fetch(https://firebase.googleapis.com/v1beta1/projects/studio-496219922-fef08, {"headers":{},"method":"GET","signal":{}}): FetchError: request to https://firebase.googleapis.com/v1beta1/projects/studio-496219922-fef08 failed, reason: getaddrinfo ENOTFOUND firebase.googleapis.com
[debug] [2025-09-22T21:14:18.483Z] Failed to make request to https://firebase.googleapis.com/v1beta1/projects/studio-496219922-fef08 (original: request to https://firebase.googleapis.com/v1beta1/projects/studio-496219922-fef08 failed, reason: getaddrinfo ENOTFOUND firebase.googleapis.com)
[error] 
[error] Error: Assertion failed: resolving hosting target of a site with no site name or target name. This should have caused an error earlier
